{
  "RSpec": {
    "coverage": {
      "/Users/johnnybowman/projects/backbone/Backbone_Portfolio/config/environment.rb": [
        null,
        1,
        null,
        null,
        1
      ],
      "/Users/johnnybowman/projects/backbone/Backbone_Portfolio/config/application.rb": [
        1,
        null,
        null,
        1,
        1,
        1,
        1,
        1,
        null,
        null,
        1,
        null,
        1,
        null,
        null,
        null,
        null,
        1,
        1,
        null,
        null,
        null,
        null,
        null,
        null,
        null,
        null,
        null,
        null,
        null,
        null,
        null,
        null,
        null,
        null,
        null,
        null,
        null,
        null,
        null,
        null,
        null,
        1,
        null,
        null,
        1,
        null,
        null,
        1,
        null,
        null,
        null,
        null,
        null,
        null,
        null,
        null,
        null,
        null,
        1,
        null,
        null,
        1,
        null,
        null,
        1,
        null,
        null
      ],
      "/Users/johnnybowman/projects/backbone/Backbone_Portfolio/config/boot.rb": [
        1,
        null,
        null,
        1,
        null,
        1
      ],
      "/Users/johnnybowman/projects/backbone/Backbone_Portfolio/config/environments/test.rb": [
        1,
        null,
        null,
        null,
        null,
        null,
        null,
        1,
        null,
        null,
        1,
        1,
        null,
        null,
        1,
        null,
        null,
        1,
        1,
        null,
        null,
        1,
        null,
        null,
        1,
        null,
        null,
        null,
        null,
        1,
        null,
        null,
        1,
        null,
        null,
        1,
        null
      ],
      "/Users/johnnybowman/projects/backbone/Backbone_Portfolio/config/initializers/backtrace_silencers.rb": [
        null,
        null,
        null,
        null,
        null,
        null,
        null
      ],
      "/Users/johnnybowman/projects/backbone/Backbone_Portfolio/config/initializers/devise.rb": [
        null,
        null,
        1,
        null,
        null,
        null,
        1,
        null,
        null,
        null,
        null,
        null,
        null,
        null,
        null,
        1,
        null,
        null,
        null,
        null,
        null,
        null,
        null,
        null,
        null,
        null,
        null,
        null,
        null,
        null,
        null,
        null,
        null,
        null,
        null,
        null,
        null,
        1,
        null,
        null,
        null,
        null,
        1,
        null,
        null,
        null,
        null,
        null,
        null,
        null,
        null,
        null,
        null,
        null,
        null,
        null,
        null,
        null,
        null,
        null,
        null,
        null,
        null,
        null,
        null,
        null,
        null,
        null,
        null,
        null,
        null,
        null,
        null,
        null,
        null,
        null,
        1,
        null,
        null,
        null,
        null,
        null,
        null,
        null,
        null,
        1,
        null,
        null,
        null,
        null,
        null,
        null,
        null,
        null,
        null,
        null,
        null,
        null,
        null,
        null,
        null,
        null,
        null,
        null,
        null,
        null,
        null,
        null,
        null,
        null,
        1,
        null,
        null,
        null,
        null,
        null,
        null,
        null,
        null,
        null,
        null,
        null,
        null,
        null,
        null,
        null,
        null,
        null,
        1,
        null,
        null,
        null,
        null,
        null,
        null,
        null,
        null,
        null,
        null,
        null,
        null,
        null,
        null,
        null,
        null,
        null,
        null,
        null,
        null,
        null,
        null,
        null,
        null,
        null,
        null,
        null,
        null,
        null,
        null,
        null,
        null,
        null,
        null,
        null,
        null,
        null,
        null,
        null,
        null,
        null,
        null,
        null,
        null,
        null,
        1,
        null,
        null,
        null,
        null,
        null,
        null,
        null,
        null,
        null,
        null,
        null,
        null,
        null,
        null,
        null,
        null,
        null,
        null,
        null,
        null,
        null,
        null,
        null,
        null,
        null,
        null,
        null,
        null,
        null,
        null,
        null,
        null,
        null,
        null,
        null,
        null,
        null,
        null,
        null,
        null,
        null,
        1,
        null,
        null,
        null,
        null,
        null,
        null,
        null,
        null,
        null,
        null,
        null,
        null,
        null,
        null,
        null,
        null,
        null,
        null,
        null,
        null,
        null,
        null,
        null,
        null,
        null,
        null,
        null,
        null,
        null
      ],
      "/Users/johnnybowman/projects/backbone/Backbone_Portfolio/config/initializers/inflections.rb": [
        null,
        null,
        null,
        null,
        null,
        null,
        null,
        null,
        null,
        null,
        null,
        null,
        null,
        null,
        null
      ],
      "/Users/johnnybowman/projects/backbone/Backbone_Portfolio/config/initializers/mime_types.rb": [
        null,
        null,
        null,
        null,
        null
      ],
      "/Users/johnnybowman/projects/backbone/Backbone_Portfolio/config/initializers/secret_token.rb": [
        null,
        null,
        null,
        null,
        null,
        null,
        1
      ],
      "/Users/johnnybowman/projects/backbone/Backbone_Portfolio/config/initializers/session_store.rb": [
        null,
        null,
        1,
        null,
        null,
        null,
        null,
        null
      ],
      "/Users/johnnybowman/projects/backbone/Backbone_Portfolio/config/initializers/wrap_parameters.rb": [
        null,
        null,
        null,
        null,
        null,
        null,
        1,
        1,
        null,
        null,
        null,
        1,
        1,
        null
      ],
      "/Users/johnnybowman/projects/backbone/Backbone_Portfolio/config/routes.rb": [
        1,
        null,
        1,
        null,
        1,
        null,
        1,
        1,
        1,
        null,
        null,
        null
      ],
      "/Users/johnnybowman/projects/backbone/Backbone_Portfolio/app/models/user.rb": [
        1,
        null,
        null,
        null,
        1,
        null,
        null,
        null,
        1,
        1,
        1,
        1,
        1,
        null,
        null,
        null
      ],
      "/Users/johnnybowman/projects/backbone/Backbone_Portfolio/app/controllers/application_controller.rb": [
        1,
        1,
        null
      ],
      "/Users/johnnybowman/projects/backbone/Backbone_Portfolio/app/helpers/application_helper.rb": [
        1,
        null
      ],
      "/Users/johnnybowman/projects/backbone/Backbone_Portfolio/app/helpers/home_helper.rb": [
        1,
        null
      ],
      "/Users/johnnybowman/projects/backbone/Backbone_Portfolio/app/helpers/projects_helper.rb": [
        1,
        null
      ],
      "/Users/johnnybowman/projects/backbone/Backbone_Portfolio/app/helpers/users_helper.rb": [
        1,
        null
      ],
      "/Users/johnnybowman/projects/backbone/Backbone_Portfolio/app/controllers/home_controller.rb": [
        1,
        null,
        1,
        0,
        null,
        null,
        null
      ],
      "/Users/johnnybowman/projects/backbone/Backbone_Portfolio/app/controllers/projects_controller.rb": [
        1,
        null,
        1,
        null,
        1,
        null,
        null,
        null,
        0,
        0,
        null,
        0,
        null,
        null,
        1,
        0,
        0,
        null,
        null,
        1,
        null,
        0,
        0,
        0,
        null,
        null,
        1,
        0,
        0,
        null,
        null,
        1,
        1,
        0,
        null,
        null,
        null
      ],
      "/Users/johnnybowman/projects/backbone/Backbone_Portfolio/app/models/project.rb": [
        1,
        1,
        1,
        1,
        null,
        1,
        null,
        1,
        null,
        0,
        null,
        null,
        null
      ],
      "/Users/johnnybowman/projects/backbone/Backbone_Portfolio/app/controllers/skills_controller.rb": [
        1,
        null,
        1,
        0,
        0,
        null,
        null,
        1,
        0,
        0,
        null,
        null,
        null,
        1,
        0,
        0,
        null,
        0,
        null,
        null,
        1,
        null,
        null
      ],
      "/Users/johnnybowman/projects/backbone/Backbone_Portfolio/app/models/skill.rb": [
        1,
        1,
        null,
        1,
        1,
        null
      ],
      "/Users/johnnybowman/projects/backbone/Backbone_Portfolio/app/controllers/users_controller.rb": [
        1,
        1,
        null,
        0,
        0,
        null,
        null,
        1,
        0,
        0,
        null,
        null
      ],
      "/Users/johnnybowman/projects/backbone/Backbone_Portfolio/app/models/follow.rb": [
        1,
        1,
        null,
        1,
        1,
        null
      ],
      "/Users/johnnybowman/projects/backbone/Backbone_Portfolio/spec/support/blueprints.rb": [
        1,
        null,
        1,
        8,
        8,
        8,
        8,
        null,
        null,
        1,
        4,
        4,
        null,
        null,
        null,
        null
      ],
      "/Users/johnnybowman/projects/backbone/Backbone_Portfolio/spec/support/devise.rb": [
        1,
        1,
        null
      ]
    },
    "timestamp": 1369776567
  }
}
